<?xml version="1.0" encoding="UTF-8"?>
<dataset>
	<USERS id="1" name="userTest" version="0"/>
	<USERS id="2" name="userTest2" version="0"/>
</dataset>
